{"/home/usuario/prct06-generics-solid-MarcialAP/docs/assets/hierarchy.js": {"path":"/home/usuario/prct06-generics-solid-MarcialAP/docs/assets/hierarchy.js","all":true,"statementMap":{"0":{"start":{"line":1,"column":0},"end":{"line":1,"column":77}}},"s":{"0":0},"branchMap":{"0":{"type":"branch","line":1,"loc":{"start":{"line":1,"column":0},"end":{"line":1,"column":77}},"locations":[{"start":{"line":1,"column":0},"end":{"line":1,"column":77}}]}},"b":{"0":[0]},"fnMap":{"0":{"name":"(empty-report)","decl":{"start":{"line":1,"column":0},"end":{"line":1,"column":77}},"loc":{"start":{"line":1,"column":0},"end":{"line":1,"column":77}},"line":1}},"f":{"0":0}}
,"/home/usuario/prct06-generics-solid-MarcialAP/docs/assets/icons.js": {"path":"/home/usuario/prct06-generics-solid-MarcialAP/docs/assets/icons.js","all":true,"statementMap":{"0":{"start":{"line":1,"column":0},"end":{"line":1,"column":13}},"1":{"start":{"line":2,"column":0},"end":{"line":2,"column":15}},"2":{"start":{"line":3,"column":0},"end":{"line":3,"column":25}},"3":{"start":{"line":4,"column":0},"end":{"line":4,"column":110}},"4":{"start":{"line":5,"column":0},"end":{"line":5,"column":109}},"5":{"start":{"line":6,"column":0},"end":{"line":6,"column":12268}},"6":{"start":{"line":7,"column":0},"end":{"line":7,"column":35}},"7":{"start":{"line":8,"column":0},"end":{"line":8,"column":63}},"8":{"start":{"line":9,"column":0},"end":{"line":9,"column":5}},"10":{"start":{"line":11,"column":0},"end":{"line":11,"column":34}},"11":{"start":{"line":12,"column":0},"end":{"line":12,"column":56}},"12":{"start":{"line":13,"column":0},"end":{"line":13,"column":61}},"13":{"start":{"line":14,"column":0},"end":{"line":14,"column":85}},"14":{"start":{"line":15,"column":0},"end":{"line":15,"column":13}},"15":{"start":{"line":16,"column":0},"end":{"line":16,"column":11}},"16":{"start":{"line":17,"column":0},"end":{"line":17,"column":5}},"17":{"start":{"line":18,"column":0},"end":{"line":18,"column":4}}},"s":{"0":0,"1":0,"2":0,"3":0,"4":0,"5":0,"6":0,"7":0,"8":0,"10":0,"11":0,"12":0,"13":0,"14":0,"15":0,"16":0,"17":0},"branchMap":{"0":{"type":"branch","line":1,"loc":{"start":{"line":1,"column":0},"end":{"line":18,"column":4}},"locations":[{"start":{"line":1,"column":0},"end":{"line":18,"column":4}}]}},"b":{"0":[0]},"fnMap":{"0":{"name":"(empty-report)","decl":{"start":{"line":1,"column":0},"end":{"line":18,"column":4}},"loc":{"start":{"line":1,"column":0},"end":{"line":18,"column":4}},"line":1}},"f":{"0":0}}
,"/home/usuario/prct06-generics-solid-MarcialAP/docs/assets/main.js": {"path":"/home/usuario/prct06-generics-solid-MarcialAP/docs/assets/main.js","all":true,"statementMap":{"0":{"start":{"line":1,"column":0},"end":{"line":1,"column":13}},"1":{"start":{"line":2,"column":0},"end":{"line":2,"column":825}},"2":{"start":{"line":3,"column":0},"end":{"line":3,"column":3988}},"3":{"start":{"line":4,"column":0},"end":{"line":4,"column":32164}},"4":{"start":{"line":5,"column":0},"end":{"line":5,"column":3769}},"5":{"start":{"line":6,"column":0},"end":{"line":6,"column":6792}},"6":{"start":{"line":7,"column":0},"end":{"line":7,"column":32}},"8":{"start":{"line":9,"column":0},"end":{"line":9,"column":13}},"9":{"start":{"line":10,"column":0},"end":{"line":10,"column":5}},"10":{"start":{"line":11,"column":0},"end":{"line":11,"column":91}},"11":{"start":{"line":12,"column":0},"end":{"line":12,"column":42}},"12":{"start":{"line":13,"column":0},"end":{"line":13,"column":17}},"13":{"start":{"line":14,"column":0},"end":{"line":14,"column":5}},"14":{"start":{"line":15,"column":0},"end":{"line":15,"column":5}},"15":{"start":{"line":16,"column":0},"end":{"line":16,"column":15}},"16":{"start":{"line":17,"column":0},"end":{"line":17,"column":42}},"17":{"start":{"line":18,"column":0},"end":{"line":18,"column":5}},"18":{"start":{"line":19,"column":0},"end":{"line":19,"column":5}},"19":{"start":{"line":20,"column":0},"end":{"line":20,"column":13}},"20":{"start":{"line":21,"column":0},"end":{"line":21,"column":42}},"21":{"start":{"line":22,"column":0},"end":{"line":22,"column":5}},"22":{"start":{"line":23,"column":0},"end":{"line":23,"column":5}},"23":{"start":{"line":24,"column":0},"end":{"line":24,"column":19}},"24":{"start":{"line":25,"column":0},"end":{"line":25,"column":42}},"25":{"start":{"line":26,"column":0},"end":{"line":26,"column":5}},"26":{"start":{"line":27,"column":0},"end":{"line":27,"column":5}},"27":{"start":{"line":28,"column":0},"end":{"line":28,"column":18}},"28":{"start":{"line":29,"column":0},"end":{"line":29,"column":42}},"29":{"start":{"line":30,"column":0},"end":{"line":30,"column":5}},"30":{"start":{"line":31,"column":0},"end":{"line":31,"column":5}},"31":{"start":{"line":32,"column":0},"end":{"line":32,"column":16}},"32":{"start":{"line":33,"column":0},"end":{"line":33,"column":42}},"33":{"start":{"line":34,"column":0},"end":{"line":34,"column":5}},"34":{"start":{"line":35,"column":0},"end":{"line":35,"column":5}},"35":{"start":{"line":36,"column":0},"end":{"line":36,"column":17}},"36":{"start":{"line":37,"column":0},"end":{"line":37,"column":42}},"37":{"start":{"line":38,"column":0},"end":{"line":38,"column":74}},"38":{"start":{"line":39,"column":0},"end":{"line":39,"column":5}},"39":{"start":{"line":40,"column":0},"end":{"line":40,"column":5}},"40":{"start":{"line":41,"column":0},"end":{"line":41,"column":24}},"41":{"start":{"line":42,"column":0},"end":{"line":42,"column":42}},"42":{"start":{"line":43,"column":0},"end":{"line":43,"column":5}},"43":{"start":{"line":44,"column":0},"end":{"line":44,"column":5}},"44":{"start":{"line":45,"column":0},"end":{"line":45,"column":17}},"45":{"start":{"line":46,"column":0},"end":{"line":46,"column":42}},"46":{"start":{"line":47,"column":0},"end":{"line":47,"column":5}},"47":{"start":{"line":48,"column":0},"end":{"line":48,"column":5}},"48":{"start":{"line":49,"column":0},"end":{"line":49,"column":18}},"49":{"start":{"line":50,"column":0},"end":{"line":50,"column":42}},"50":{"start":{"line":51,"column":0},"end":{"line":51,"column":5}},"51":{"start":{"line":52,"column":0},"end":{"line":52,"column":5}},"52":{"start":{"line":53,"column":0},"end":{"line":53,"column":15}},"53":{"start":{"line":54,"column":0},"end":{"line":54,"column":42}},"54":{"start":{"line":55,"column":0},"end":{"line":55,"column":5}},"55":{"start":{"line":56,"column":0},"end":{"line":56,"column":5}},"56":{"start":{"line":57,"column":0},"end":{"line":57,"column":17}},"57":{"start":{"line":58,"column":0},"end":{"line":58,"column":42}},"58":{"start":{"line":59,"column":0},"end":{"line":59,"column":5}},"59":{"start":{"line":60,"column":0},"end":{"line":60,"column":2}}},"s":{"0":0,"1":0,"2":0,"3":0,"4":0,"5":0,"6":0,"8":0,"9":0,"10":0,"11":0,"12":0,"13":0,"14":0,"15":0,"16":0,"17":0,"18":0,"19":0,"20":0,"21":0,"22":0,"23":0,"24":0,"25":0,"26":0,"27":0,"28":0,"29":0,"30":0,"31":0,"32":0,"33":0,"34":0,"35":0,"36":0,"37":0,"38":0,"39":0,"40":0,"41":0,"42":0,"43":0,"44":0,"45":0,"46":0,"47":0,"48":0,"49":0,"50":0,"51":0,"52":0,"53":0,"54":0,"55":0,"56":0,"57":0,"58":0,"59":0},"branchMap":{"0":{"type":"branch","line":1,"loc":{"start":{"line":1,"column":0},"end":{"line":60,"column":-62}},"locations":[{"start":{"line":1,"column":0},"end":{"line":60,"column":-62}}]}},"b":{"0":[0]},"fnMap":{"0":{"name":"(empty-report)","decl":{"start":{"line":1,"column":0},"end":{"line":60,"column":-62}},"loc":{"start":{"line":1,"column":0},"end":{"line":60,"column":-62}},"line":1}},"f":{"0":0}}
,"/home/usuario/prct06-generics-solid-MarcialAP/docs/assets/navigation.js": {"path":"/home/usuario/prct06-generics-solid-MarcialAP/docs/assets/navigation.js","all":true,"statementMap":{"0":{"start":{"line":1,"column":0},"end":{"line":1,"column":110}}},"s":{"0":0},"branchMap":{"0":{"type":"branch","line":1,"loc":{"start":{"line":1,"column":0},"end":{"line":1,"column":110}},"locations":[{"start":{"line":1,"column":0},"end":{"line":1,"column":110}}]}},"b":{"0":[0]},"fnMap":{"0":{"name":"(empty-report)","decl":{"start":{"line":1,"column":0},"end":{"line":1,"column":110}},"loc":{"start":{"line":1,"column":0},"end":{"line":1,"column":110}},"line":1}},"f":{"0":0}}
,"/home/usuario/prct06-generics-solid-MarcialAP/docs/assets/search.js": {"path":"/home/usuario/prct06-generics-solid-MarcialAP/docs/assets/search.js","all":true,"statementMap":{"0":{"start":{"line":1,"column":0},"end":{"line":1,"column":287}}},"s":{"0":0},"branchMap":{"0":{"type":"branch","line":1,"loc":{"start":{"line":1,"column":0},"end":{"line":1,"column":287}},"locations":[{"start":{"line":1,"column":0},"end":{"line":1,"column":287}}]}},"b":{"0":[0]},"fnMap":{"0":{"name":"(empty-report)","decl":{"start":{"line":1,"column":0},"end":{"line":1,"column":287}},"loc":{"start":{"line":1,"column":0},"end":{"line":1,"column":287}},"line":1}},"f":{"0":0}}
,"/home/usuario/prct06-generics-solid-MarcialAP/src/index.ts": {"path":"/home/usuario/prct06-generics-solid-MarcialAP/src/index.ts","all":false,"statementMap":{"11":{"start":{"line":12,"column":0},"end":{"line":12,"column":73}},"12":{"start":{"line":13,"column":0},"end":{"line":13,"column":38}},"13":{"start":{"line":14,"column":0},"end":{"line":14,"column":1}}},"s":{"11":1,"12":2,"13":2},"branchMap":{"0":{"type":"branch","line":12,"loc":{"start":{"line":12,"column":7},"end":{"line":14,"column":1}},"locations":[{"start":{"line":12,"column":7},"end":{"line":14,"column":1}}]}},"b":{"0":[2]},"fnMap":{"0":{"name":"add","decl":{"start":{"line":12,"column":7},"end":{"line":14,"column":1}},"loc":{"start":{"line":12,"column":7},"end":{"line":14,"column":1}},"line":12}},"f":{"0":2}}
,"/home/usuario/prct06-generics-solid-MarcialAP/src/entregable/adaptador.ts": {"path":"/home/usuario/prct06-generics-solid-MarcialAP/src/entregable/adaptador.ts","all":false,"statementMap":{"1":{"start":{"line":2,"column":0},"end":{"line":2,"column":51}},"3":{"start":{"line":4,"column":0},"end":{"line":4,"column":46}},"4":{"start":{"line":5,"column":0},"end":{"line":5,"column":51}},"5":{"start":{"line":6,"column":0},"end":{"line":6,"column":58}},"6":{"start":{"line":7,"column":0},"end":{"line":7,"column":5}},"7":{"start":{"line":8,"column":0},"end":{"line":8,"column":1}}},"s":{"1":1,"3":1,"4":1,"5":2,"6":2,"7":1},"branchMap":{"0":{"type":"branch","line":5,"loc":{"start":{"line":5,"column":4},"end":{"line":7,"column":5}},"locations":[{"start":{"line":5,"column":4},"end":{"line":7,"column":5}}]}},"b":{"0":[2]},"fnMap":{"0":{"name":"Adaptador","decl":{"start":{"line":5,"column":4},"end":{"line":7,"column":5}},"loc":{"start":{"line":5,"column":4},"end":{"line":7,"column":5}},"line":5}},"f":{"0":2}}
,"/home/usuario/prct06-generics-solid-MarcialAP/src/entregable/arithmeticable.ts": {"path":"/home/usuario/prct06-generics-solid-MarcialAP/src/entregable/arithmeticable.ts","all":true,"statementMap":{},"s":{},"branchMap":{"0":{"type":"branch","line":1,"loc":{"start":{"line":1,"column":294},"end":{"line":9,"column":1}},"locations":[{"start":{"line":1,"column":294},"end":{"line":9,"column":1}}]}},"b":{"0":[1]},"fnMap":{"0":{"name":"(empty-report)","decl":{"start":{"line":1,"column":294},"end":{"line":9,"column":1}},"loc":{"start":{"line":1,"column":294},"end":{"line":9,"column":1}},"line":1}},"f":{"0":1}}
,"/home/usuario/prct06-generics-solid-MarcialAP/src/entregable/arithmeticablecollection.ts": {"path":"/home/usuario/prct06-generics-solid-MarcialAP/src/entregable/arithmeticablecollection.ts","all":false,"statementMap":{"5":{"start":{"line":6,"column":0},"end":{"line":6,"column":68}},"6":{"start":{"line":7,"column":0},"end":{"line":7,"column":43}},"7":{"start":{"line":8,"column":0},"end":{"line":8,"column":5}},"12":{"start":{"line":13,"column":0},"end":{"line":13,"column":44}},"13":{"start":{"line":14,"column":0},"end":{"line":14,"column":38}},"14":{"start":{"line":15,"column":0},"end":{"line":15,"column":5}},"20":{"start":{"line":21,"column":0},"end":{"line":21,"column":44}},"21":{"start":{"line":22,"column":0},"end":{"line":22,"column":38}},"22":{"start":{"line":23,"column":0},"end":{"line":23,"column":5}},"27":{"start":{"line":28,"column":0},"end":{"line":28,"column":43}},"28":{"start":{"line":29,"column":0},"end":{"line":29,"column":37}},"29":{"start":{"line":30,"column":0},"end":{"line":30,"column":5}},"30":{"start":{"line":31,"column":0},"end":{"line":31,"column":1}}},"s":{"5":1,"6":1,"7":1,"12":1,"13":1,"14":1,"20":1,"21":2,"22":2,"27":1,"28":1,"29":1,"30":1},"branchMap":{"0":{"type":"branch","line":7,"loc":{"start":{"line":7,"column":4},"end":{"line":8,"column":5}},"locations":[{"start":{"line":7,"column":4},"end":{"line":8,"column":5}}]},"1":{"type":"branch","line":13,"loc":{"start":{"line":13,"column":4},"end":{"line":15,"column":5}},"locations":[{"start":{"line":13,"column":4},"end":{"line":15,"column":5}}]},"2":{"type":"branch","line":21,"loc":{"start":{"line":21,"column":4},"end":{"line":23,"column":5}},"locations":[{"start":{"line":21,"column":4},"end":{"line":23,"column":5}}]},"3":{"type":"branch","line":28,"loc":{"start":{"line":28,"column":4},"end":{"line":30,"column":5}},"locations":[{"start":{"line":28,"column":4},"end":{"line":30,"column":5}}]}},"b":{"0":[1],"1":[1],"2":[2],"3":[1]},"fnMap":{"0":{"name":"ArithmeticableCollection","decl":{"start":{"line":7,"column":4},"end":{"line":8,"column":5}},"loc":{"start":{"line":7,"column":4},"end":{"line":8,"column":5}},"line":7},"1":{"name":"addArithmeticable","decl":{"start":{"line":13,"column":4},"end":{"line":15,"column":5}},"loc":{"start":{"line":13,"column":4},"end":{"line":15,"column":5}},"line":13},"2":{"name":"getArithmeticable","decl":{"start":{"line":21,"column":4},"end":{"line":23,"column":5}},"loc":{"start":{"line":21,"column":4},"end":{"line":23,"column":5}},"line":21},"3":{"name":"getNumberOfArithmeticables","decl":{"start":{"line":28,"column":4},"end":{"line":30,"column":5}},"loc":{"start":{"line":28,"column":4},"end":{"line":30,"column":5}},"line":28}},"f":{"0":1,"1":1,"2":2,"3":1}}
,"/home/usuario/prct06-generics-solid-MarcialAP/src/entregable/complexnumber.ts": {"path":"/home/usuario/prct06-generics-solid-MarcialAP/src/entregable/complexnumber.ts","all":false,"statementMap":{"1":{"start":{"line":2,"column":0},"end":{"line":2,"column":69}},"2":{"start":{"line":3,"column":0},"end":{"line":3,"column":33}},"3":{"start":{"line":4,"column":0},"end":{"line":4,"column":39}},"4":{"start":{"line":5,"column":0},"end":{"line":5,"column":65}},"5":{"start":{"line":6,"column":0},"end":{"line":6,"column":38}},"6":{"start":{"line":7,"column":0},"end":{"line":7,"column":50}},"7":{"start":{"line":8,"column":0},"end":{"line":8,"column":5}},"12":{"start":{"line":13,"column":0},"end":{"line":13,"column":31}},"13":{"start":{"line":14,"column":0},"end":{"line":14,"column":31}},"14":{"start":{"line":15,"column":0},"end":{"line":15,"column":5}},"18":{"start":{"line":19,"column":0},"end":{"line":19,"column":37}},"19":{"start":{"line":20,"column":0},"end":{"line":20,"column":34}},"20":{"start":{"line":21,"column":0},"end":{"line":21,"column":5}},"25":{"start":{"line":26,"column":0},"end":{"line":26,"column":37}},"26":{"start":{"line":27,"column":0},"end":{"line":27,"column":37}},"27":{"start":{"line":28,"column":0},"end":{"line":28,"column":5}},"31":{"start":{"line":32,"column":0},"end":{"line":32,"column":43}},"32":{"start":{"line":33,"column":0},"end":{"line":33,"column":40}},"33":{"start":{"line":34,"column":0},"end":{"line":34,"column":5}},"39":{"start":{"line":40,"column":0},"end":{"line":40,"column":39}},"40":{"start":{"line":41,"column":0},"end":{"line":41,"column":135}},"41":{"start":{"line":42,"column":0},"end":{"line":42,"column":5}},"48":{"start":{"line":49,"column":0},"end":{"line":49,"column":60}},"49":{"start":{"line":50,"column":0},"end":{"line":50,"column":135}},"50":{"start":{"line":51,"column":0},"end":{"line":51,"column":5}},"56":{"start":{"line":57,"column":0},"end":{"line":57,"column":59}},"57":{"start":{"line":58,"column":0},"end":{"line":58,"column":239}},"58":{"start":{"line":59,"column":0},"end":{"line":59,"column":5}},"65":{"start":{"line":66,"column":0},"end":{"line":66,"column":57}},"66":{"start":{"line":67,"column":0},"end":{"line":67,"column":128}},"67":{"start":{"line":68,"column":0},"end":{"line":68,"column":168}},"68":{"start":{"line":69,"column":0},"end":{"line":69,"column":174}},"69":{"start":{"line":70,"column":0},"end":{"line":70,"column":71}},"70":{"start":{"line":71,"column":0},"end":{"line":71,"column":5}},"71":{"start":{"line":72,"column":0},"end":{"line":72,"column":1}}},"s":{"1":1,"2":1,"3":73,"4":1,"5":73,"6":73,"7":73,"12":1,"13":53,"14":53,"18":1,"19":1,"20":1,"25":1,"26":53,"27":53,"31":1,"32":1,"33":1,"39":1,"40":7,"41":7,"48":1,"49":10,"50":10,"56":1,"57":7,"58":7,"65":1,"66":7,"67":7,"68":7,"69":7,"70":7,"71":1},"branchMap":{"0":{"type":"branch","line":3,"loc":{"start":{"line":3,"column":12},"end":{"line":4,"column":39}},"locations":[{"start":{"line":3,"column":12},"end":{"line":4,"column":39}}]},"1":{"type":"branch","line":5,"loc":{"start":{"line":5,"column":4},"end":{"line":8,"column":5}},"locations":[{"start":{"line":5,"column":4},"end":{"line":8,"column":5}}]},"2":{"type":"branch","line":13,"loc":{"start":{"line":13,"column":4},"end":{"line":15,"column":5}},"locations":[{"start":{"line":13,"column":4},"end":{"line":15,"column":5}}]},"3":{"type":"branch","line":19,"loc":{"start":{"line":19,"column":4},"end":{"line":21,"column":5}},"locations":[{"start":{"line":19,"column":4},"end":{"line":21,"column":5}}]},"4":{"type":"branch","line":26,"loc":{"start":{"line":26,"column":4},"end":{"line":28,"column":5}},"locations":[{"start":{"line":26,"column":4},"end":{"line":28,"column":5}}]},"5":{"type":"branch","line":32,"loc":{"start":{"line":32,"column":4},"end":{"line":34,"column":5}},"locations":[{"start":{"line":32,"column":4},"end":{"line":34,"column":5}}]},"6":{"type":"branch","line":40,"loc":{"start":{"line":40,"column":4},"end":{"line":42,"column":5}},"locations":[{"start":{"line":40,"column":4},"end":{"line":42,"column":5}}]},"7":{"type":"branch","line":49,"loc":{"start":{"line":49,"column":4},"end":{"line":51,"column":5}},"locations":[{"start":{"line":49,"column":4},"end":{"line":51,"column":5}}]},"8":{"type":"branch","line":57,"loc":{"start":{"line":57,"column":4},"end":{"line":59,"column":5}},"locations":[{"start":{"line":57,"column":4},"end":{"line":59,"column":5}}]},"9":{"type":"branch","line":66,"loc":{"start":{"line":66,"column":4},"end":{"line":71,"column":5}},"locations":[{"start":{"line":66,"column":4},"end":{"line":71,"column":5}}]}},"b":{"0":[73],"1":[73],"2":[53],"3":[1],"4":[53],"5":[1],"6":[7],"7":[10],"8":[7],"9":[7]},"fnMap":{"0":{"name":"<instance_members_initializer>","decl":{"start":{"line":3,"column":12},"end":{"line":4,"column":39}},"loc":{"start":{"line":3,"column":12},"end":{"line":4,"column":39}},"line":3},"1":{"name":"ComplexNumber","decl":{"start":{"line":5,"column":4},"end":{"line":8,"column":5}},"loc":{"start":{"line":5,"column":4},"end":{"line":8,"column":5}},"line":5},"2":{"name":"get parte_real","decl":{"start":{"line":13,"column":4},"end":{"line":15,"column":5}},"loc":{"start":{"line":13,"column":4},"end":{"line":15,"column":5}},"line":13},"3":{"name":"set parte_real","decl":{"start":{"line":19,"column":4},"end":{"line":21,"column":5}},"loc":{"start":{"line":19,"column":4},"end":{"line":21,"column":5}},"line":19},"4":{"name":"get parte_imaginaria","decl":{"start":{"line":26,"column":4},"end":{"line":28,"column":5}},"loc":{"start":{"line":26,"column":4},"end":{"line":28,"column":5}},"line":26},"5":{"name":"set parte_imaginaria","decl":{"start":{"line":32,"column":4},"end":{"line":34,"column":5}},"loc":{"start":{"line":32,"column":4},"end":{"line":34,"column":5}},"line":32},"6":{"name":"add","decl":{"start":{"line":40,"column":4},"end":{"line":42,"column":5}},"loc":{"start":{"line":40,"column":4},"end":{"line":42,"column":5}},"line":40},"7":{"name":"substract","decl":{"start":{"line":49,"column":4},"end":{"line":51,"column":5}},"loc":{"start":{"line":49,"column":4},"end":{"line":51,"column":5}},"line":49},"8":{"name":"multiply","decl":{"start":{"line":57,"column":4},"end":{"line":59,"column":5}},"loc":{"start":{"line":57,"column":4},"end":{"line":59,"column":5}},"line":57},"9":{"name":"divide","decl":{"start":{"line":66,"column":4},"end":{"line":71,"column":5}},"loc":{"start":{"line":66,"column":4},"end":{"line":71,"column":5}},"line":66}},"f":{"0":73,"1":73,"2":53,"3":1,"4":53,"5":1,"6":7,"7":10,"8":7,"9":7}}
,"/home/usuario/prct06-generics-solid-MarcialAP/src/entregable/rationalnumber.ts": {"path":"/home/usuario/prct06-generics-solid-MarcialAP/src/entregable/rationalnumber.ts","all":false,"statementMap":{"1":{"start":{"line":2,"column":0},"end":{"line":2,"column":71}},"2":{"start":{"line":3,"column":0},"end":{"line":3,"column":32}},"3":{"start":{"line":4,"column":0},"end":{"line":4,"column":34}},"4":{"start":{"line":5,"column":0},"end":{"line":5,"column":59}},"5":{"start":{"line":6,"column":0},"end":{"line":6,"column":36}},"6":{"start":{"line":7,"column":0},"end":{"line":7,"column":40}},"7":{"start":{"line":8,"column":0},"end":{"line":8,"column":5}},"12":{"start":{"line":13,"column":0},"end":{"line":13,"column":30}},"13":{"start":{"line":14,"column":0},"end":{"line":14,"column":30}},"14":{"start":{"line":15,"column":0},"end":{"line":15,"column":5}},"18":{"start":{"line":19,"column":0},"end":{"line":19,"column":36}},"19":{"start":{"line":20,"column":0},"end":{"line":20,"column":33}},"20":{"start":{"line":21,"column":0},"end":{"line":21,"column":5}},"26":{"start":{"line":27,"column":0},"end":{"line":27,"column":32}},"27":{"start":{"line":28,"column":0},"end":{"line":28,"column":32}},"28":{"start":{"line":29,"column":0},"end":{"line":29,"column":5}},"32":{"start":{"line":33,"column":0},"end":{"line":33,"column":38}},"33":{"start":{"line":34,"column":0},"end":{"line":34,"column":35}},"34":{"start":{"line":35,"column":0},"end":{"line":35,"column":5}},"41":{"start":{"line":42,"column":0},"end":{"line":42,"column":41}},"42":{"start":{"line":43,"column":0},"end":{"line":43,"column":131}},"43":{"start":{"line":44,"column":0},"end":{"line":44,"column":88}},"44":{"start":{"line":45,"column":0},"end":{"line":45,"column":34}},"45":{"start":{"line":46,"column":0},"end":{"line":46,"column":76}},"46":{"start":{"line":47,"column":0},"end":{"line":47,"column":103}},"47":{"start":{"line":48,"column":0},"end":{"line":48,"column":46}},"48":{"start":{"line":49,"column":0},"end":{"line":49,"column":44}},"49":{"start":{"line":50,"column":0},"end":{"line":50,"column":20}},"50":{"start":{"line":51,"column":0},"end":{"line":51,"column":30}},"51":{"start":{"line":52,"column":0},"end":{"line":52,"column":13}},"52":{"start":{"line":53,"column":0},"end":{"line":53,"column":9}},"53":{"start":{"line":54,"column":0},"end":{"line":54,"column":70}},"54":{"start":{"line":55,"column":0},"end":{"line":55,"column":5}},"61":{"start":{"line":62,"column":0},"end":{"line":62,"column":63}},"62":{"start":{"line":63,"column":0},"end":{"line":63,"column":131}},"63":{"start":{"line":64,"column":0},"end":{"line":64,"column":88}},"64":{"start":{"line":65,"column":0},"end":{"line":65,"column":34}},"65":{"start":{"line":66,"column":0},"end":{"line":66,"column":76}},"66":{"start":{"line":67,"column":0},"end":{"line":67,"column":103}},"67":{"start":{"line":68,"column":0},"end":{"line":68,"column":46}},"68":{"start":{"line":69,"column":0},"end":{"line":69,"column":44}},"69":{"start":{"line":70,"column":0},"end":{"line":70,"column":20}},"70":{"start":{"line":71,"column":0},"end":{"line":71,"column":30}},"71":{"start":{"line":72,"column":0},"end":{"line":72,"column":13}},"72":{"start":{"line":73,"column":0},"end":{"line":73,"column":9}},"73":{"start":{"line":74,"column":0},"end":{"line":74,"column":70}},"74":{"start":{"line":75,"column":0},"end":{"line":75,"column":5}},"80":{"start":{"line":81,"column":0},"end":{"line":81,"column":62}},"81":{"start":{"line":82,"column":0},"end":{"line":82,"column":82}},"82":{"start":{"line":83,"column":0},"end":{"line":83,"column":88}},"83":{"start":{"line":84,"column":0},"end":{"line":84,"column":34}},"84":{"start":{"line":85,"column":0},"end":{"line":85,"column":78}},"85":{"start":{"line":86,"column":0},"end":{"line":86,"column":103}},"86":{"start":{"line":87,"column":0},"end":{"line":87,"column":46}},"87":{"start":{"line":88,"column":0},"end":{"line":88,"column":44}},"88":{"start":{"line":89,"column":0},"end":{"line":89,"column":20}},"89":{"start":{"line":90,"column":0},"end":{"line":90,"column":30}},"90":{"start":{"line":91,"column":0},"end":{"line":91,"column":13}},"91":{"start":{"line":92,"column":0},"end":{"line":92,"column":9}},"92":{"start":{"line":93,"column":0},"end":{"line":93,"column":70}},"93":{"start":{"line":94,"column":0},"end":{"line":94,"column":5}},"100":{"start":{"line":101,"column":0},"end":{"line":101,"column":60}},"101":{"start":{"line":102,"column":0},"end":{"line":102,"column":84}},"102":{"start":{"line":103,"column":0},"end":{"line":103,"column":86}},"103":{"start":{"line":104,"column":0},"end":{"line":104,"column":34}},"104":{"start":{"line":105,"column":0},"end":{"line":105,"column":82}},"105":{"start":{"line":106,"column":0},"end":{"line":106,"column":105}},"106":{"start":{"line":107,"column":0},"end":{"line":107,"column":46}},"107":{"start":{"line":108,"column":0},"end":{"line":108,"column":44}},"108":{"start":{"line":109,"column":0},"end":{"line":109,"column":20}},"109":{"start":{"line":110,"column":0},"end":{"line":110,"column":30}},"110":{"start":{"line":111,"column":0},"end":{"line":111,"column":13}},"111":{"start":{"line":112,"column":0},"end":{"line":112,"column":9}},"112":{"start":{"line":113,"column":0},"end":{"line":113,"column":70}},"113":{"start":{"line":114,"column":0},"end":{"line":114,"column":5}},"114":{"start":{"line":115,"column":0},"end":{"line":115,"column":1}}},"s":{"1":1,"2":1,"3":30,"4":1,"5":30,"6":30,"7":30,"12":1,"13":15,"14":15,"18":1,"19":1,"20":1,"26":1,"27":21,"28":21,"32":1,"33":1,"34":1,"41":1,"42":3,"43":3,"44":3,"45":3,"46":27,"47":2,"48":2,"49":27,"50":25,"51":25,"52":27,"53":3,"54":3,"61":1,"62":3,"63":3,"64":3,"65":3,"66":23,"67":2,"68":2,"69":23,"70":21,"71":21,"72":23,"73":3,"74":3,"80":1,"81":3,"82":3,"83":3,"84":3,"85":17,"86":3,"87":3,"88":17,"89":14,"90":14,"91":17,"92":3,"93":3,"100":1,"101":3,"102":3,"103":3,"104":3,"105":18,"106":2,"107":2,"108":18,"109":16,"110":16,"111":18,"112":3,"113":3,"114":1},"branchMap":{"0":{"type":"branch","line":3,"loc":{"start":{"line":3,"column":12},"end":{"line":4,"column":34}},"locations":[{"start":{"line":3,"column":12},"end":{"line":4,"column":34}}]},"1":{"type":"branch","line":5,"loc":{"start":{"line":5,"column":4},"end":{"line":8,"column":5}},"locations":[{"start":{"line":5,"column":4},"end":{"line":8,"column":5}}]},"2":{"type":"branch","line":13,"loc":{"start":{"line":13,"column":4},"end":{"line":15,"column":5}},"locations":[{"start":{"line":13,"column":4},"end":{"line":15,"column":5}}]},"3":{"type":"branch","line":19,"loc":{"start":{"line":19,"column":4},"end":{"line":21,"column":5}},"locations":[{"start":{"line":19,"column":4},"end":{"line":21,"column":5}}]},"4":{"type":"branch","line":27,"loc":{"start":{"line":27,"column":4},"end":{"line":29,"column":5}},"locations":[{"start":{"line":27,"column":4},"end":{"line":29,"column":5}}]},"5":{"type":"branch","line":33,"loc":{"start":{"line":33,"column":4},"end":{"line":35,"column":5}},"locations":[{"start":{"line":33,"column":4},"end":{"line":35,"column":5}}]},"6":{"type":"branch","line":42,"loc":{"start":{"line":42,"column":4},"end":{"line":55,"column":5}},"locations":[{"start":{"line":42,"column":4},"end":{"line":55,"column":5}}]},"7":{"type":"branch","line":46,"loc":{"start":{"line":46,"column":26},"end":{"line":46,"column":75}},"locations":[{"start":{"line":46,"column":26},"end":{"line":46,"column":75}}]},"8":{"type":"branch","line":46,"loc":{"start":{"line":46,"column":75},"end":{"line":53,"column":9}},"locations":[{"start":{"line":46,"column":75},"end":{"line":53,"column":9}}]},"9":{"type":"branch","line":47,"loc":{"start":{"line":47,"column":56},"end":{"line":47,"column":102}},"locations":[{"start":{"line":47,"column":56},"end":{"line":47,"column":102}}]},"10":{"type":"branch","line":47,"loc":{"start":{"line":47,"column":102},"end":{"line":50,"column":19}},"locations":[{"start":{"line":47,"column":102},"end":{"line":50,"column":19}}]},"11":{"type":"branch","line":50,"loc":{"start":{"line":50,"column":12},"end":{"line":52,"column":13}},"locations":[{"start":{"line":50,"column":12},"end":{"line":52,"column":13}}]},"12":{"type":"branch","line":62,"loc":{"start":{"line":62,"column":4},"end":{"line":75,"column":5}},"locations":[{"start":{"line":62,"column":4},"end":{"line":75,"column":5}}]},"13":{"type":"branch","line":66,"loc":{"start":{"line":66,"column":26},"end":{"line":66,"column":75}},"locations":[{"start":{"line":66,"column":26},"end":{"line":66,"column":75}}]},"14":{"type":"branch","line":66,"loc":{"start":{"line":66,"column":75},"end":{"line":73,"column":9}},"locations":[{"start":{"line":66,"column":75},"end":{"line":73,"column":9}}]},"15":{"type":"branch","line":67,"loc":{"start":{"line":67,"column":56},"end":{"line":67,"column":102}},"locations":[{"start":{"line":67,"column":56},"end":{"line":67,"column":102}}]},"16":{"type":"branch","line":67,"loc":{"start":{"line":67,"column":102},"end":{"line":70,"column":19}},"locations":[{"start":{"line":67,"column":102},"end":{"line":70,"column":19}}]},"17":{"type":"branch","line":70,"loc":{"start":{"line":70,"column":12},"end":{"line":72,"column":13}},"locations":[{"start":{"line":70,"column":12},"end":{"line":72,"column":13}}]},"18":{"type":"branch","line":81,"loc":{"start":{"line":81,"column":4},"end":{"line":94,"column":5}},"locations":[{"start":{"line":81,"column":4},"end":{"line":94,"column":5}}]},"19":{"type":"branch","line":85,"loc":{"start":{"line":85,"column":27},"end":{"line":85,"column":77}},"locations":[{"start":{"line":85,"column":27},"end":{"line":85,"column":77}}]},"20":{"type":"branch","line":85,"loc":{"start":{"line":85,"column":77},"end":{"line":92,"column":9}},"locations":[{"start":{"line":85,"column":77},"end":{"line":92,"column":9}}]},"21":{"type":"branch","line":86,"loc":{"start":{"line":86,"column":56},"end":{"line":86,"column":102}},"locations":[{"start":{"line":86,"column":56},"end":{"line":86,"column":102}}]},"22":{"type":"branch","line":86,"loc":{"start":{"line":86,"column":102},"end":{"line":89,"column":19}},"locations":[{"start":{"line":86,"column":102},"end":{"line":89,"column":19}}]},"23":{"type":"branch","line":89,"loc":{"start":{"line":89,"column":12},"end":{"line":91,"column":13}},"locations":[{"start":{"line":89,"column":12},"end":{"line":91,"column":13}}]},"24":{"type":"branch","line":101,"loc":{"start":{"line":101,"column":4},"end":{"line":114,"column":5}},"locations":[{"start":{"line":101,"column":4},"end":{"line":114,"column":5}}]},"25":{"type":"branch","line":105,"loc":{"start":{"line":105,"column":28},"end":{"line":105,"column":81}},"locations":[{"start":{"line":105,"column":28},"end":{"line":105,"column":81}}]},"26":{"type":"branch","line":105,"loc":{"start":{"line":105,"column":81},"end":{"line":112,"column":9}},"locations":[{"start":{"line":105,"column":81},"end":{"line":112,"column":9}}]},"27":{"type":"branch","line":106,"loc":{"start":{"line":106,"column":56},"end":{"line":106,"column":104}},"locations":[{"start":{"line":106,"column":56},"end":{"line":106,"column":104}}]},"28":{"type":"branch","line":106,"loc":{"start":{"line":106,"column":104},"end":{"line":109,"column":19}},"locations":[{"start":{"line":106,"column":104},"end":{"line":109,"column":19}}]},"29":{"type":"branch","line":109,"loc":{"start":{"line":109,"column":12},"end":{"line":111,"column":13}},"locations":[{"start":{"line":109,"column":12},"end":{"line":111,"column":13}}]}},"b":{"0":[30],"1":[30],"2":[15],"3":[1],"4":[21],"5":[1],"6":[3],"7":[27],"8":[27],"9":[8],"10":[2],"11":[25],"12":[3],"13":[24],"14":[23],"15":[6],"16":[2],"17":[21],"18":[3],"19":[18],"20":[17],"21":[9],"22":[3],"23":[14],"24":[3],"25":[18],"26":[18],"27":[7],"28":[2],"29":[16]},"fnMap":{"0":{"name":"<instance_members_initializer>","decl":{"start":{"line":3,"column":12},"end":{"line":4,"column":34}},"loc":{"start":{"line":3,"column":12},"end":{"line":4,"column":34}},"line":3},"1":{"name":"RationalNumber","decl":{"start":{"line":5,"column":4},"end":{"line":8,"column":5}},"loc":{"start":{"line":5,"column":4},"end":{"line":8,"column":5}},"line":5},"2":{"name":"get numerador","decl":{"start":{"line":13,"column":4},"end":{"line":15,"column":5}},"loc":{"start":{"line":13,"column":4},"end":{"line":15,"column":5}},"line":13},"3":{"name":"set numerador","decl":{"start":{"line":19,"column":4},"end":{"line":21,"column":5}},"loc":{"start":{"line":19,"column":4},"end":{"line":21,"column":5}},"line":19},"4":{"name":"get denominador","decl":{"start":{"line":27,"column":4},"end":{"line":29,"column":5}},"loc":{"start":{"line":27,"column":4},"end":{"line":29,"column":5}},"line":27},"5":{"name":"set denominador","decl":{"start":{"line":33,"column":4},"end":{"line":35,"column":5}},"loc":{"start":{"line":33,"column":4},"end":{"line":35,"column":5}},"line":33},"6":{"name":"add","decl":{"start":{"line":42,"column":4},"end":{"line":55,"column":5}},"loc":{"start":{"line":42,"column":4},"end":{"line":55,"column":5}},"line":42},"7":{"name":"substract","decl":{"start":{"line":62,"column":4},"end":{"line":75,"column":5}},"loc":{"start":{"line":62,"column":4},"end":{"line":75,"column":5}},"line":62},"8":{"name":"multiply","decl":{"start":{"line":81,"column":4},"end":{"line":94,"column":5}},"loc":{"start":{"line":81,"column":4},"end":{"line":94,"column":5}},"line":81},"9":{"name":"divide","decl":{"start":{"line":101,"column":4},"end":{"line":114,"column":5}},"loc":{"start":{"line":101,"column":4},"end":{"line":114,"column":5}},"line":101}},"f":{"0":30,"1":30,"2":15,"3":1,"4":21,"5":1,"6":3,"7":3,"8":3,"9":3}}
}
